<?xml version="1.0" encoding="UTF-8"?>
<testsuites name="jest tests" tests="2" failures="0" time="6.84">
  <testsuite name="PrimaryColorPicker" errors="0" failures="0" skipped="0" timestamp="2020-09-27T00:42:59" time="5.152" tests="2">
    <testcase classname="PrimaryColorPicker is truthy" name="PrimaryColorPicker is truthy" time="0.002">
    </testcase>
    <testcase classname="PrimaryColorPicker matches snapshot" name="PrimaryColorPicker matches snapshot" time="0.319">
    </testcase>
  </testsuite>
</testsuites>