<?xml version="1.0" encoding="UTF-8"?>
<testsuites name="jest tests" tests="2" failures="0" time="3.228">
  <testsuite name="PrimaryColorPicker" errors="0" failures="0" skipped="0" timestamp="2020-04-21T15:20:55" time="1.963" tests="2">
    <testcase classname="PrimaryColorPicker is truthy" name="PrimaryColorPicker is truthy" time="0.002">
    </testcase>
    <testcase classname="PrimaryColorPicker matches snapshot" name="PrimaryColorPicker matches snapshot" time="0.176">
    </testcase>
  </testsuite>
</testsuites>